[INFO] Scanning for projects...
[INFO] 
[INFO] -----------------------< com.nasa:apod-explorer >-----------------------
[INFO] Building apod-explorer 0.0.1-SNAPSHOT
[INFO]   from pom.xml
[INFO] --------------------------------[ jar ]---------------------------------
[INFO] 
[INFO] >>> spring-boot:3.2.3:run (default-cli) > test-compile @ apod-explorer >>>
[INFO] 
[INFO] --- resources:3.3.1:resources (default-resources) @ apod-explorer ---
[INFO] Copying 1 resource from src\main\resources to target\classes
[INFO] Copying 0 resource from src\main\resources to target\classes
[INFO] 
[INFO] --- compiler:3.11.0:compile (default-compile) @ apod-explorer ---
[INFO] Nothing to compile - all classes are up to date
[INFO] 
[INFO] --- resources:3.3.1:testResources (default-testResources) @ apod-explorer ---
[INFO] skip non existing resourceDirectory C:\Users\harsh\Downloads\nasa_Api-main\nasa_Api-main\java-backend\src\test\resources
[INFO] 
[INFO] --- compiler:3.11.0:testCompile (default-testCompile) @ apod-explorer ---
[INFO] No sources to compile
[INFO] 
[INFO] <<< spring-boot:3.2.3:run (default-cli) < test-compile @ apod-explorer <<<
[INFO] 
[INFO] 
[INFO] --- spring-boot:3.2.3:run (default-cli) @ apod-explorer ---
[INFO] Attaching agents: []

  .   ____          _            __ _ _
 /\\ / ___'_ __ _ _(_)_ __  __ _ \ \ \ \
( ( )\___ | '_ | '_| | '_ \/ _` | \ \ \ \
 \\/  ___)| |_)| | | | | || (_| |  ) ) ) )
  '  |____| .__|_| |_|_| |_\__, | / / / /
 =========|_|==============|___/=/_/_/_/
 :: Spring Boot ::                (v3.2.3)

2025-11-25T22:23:07.387+05:30  INFO 9108 --- [apod-explorer] [           main] com.nasa.apod.ApodApplication            : Starting ApodApplication using Java 17.0.12 with PID 9108 (C:\Users\harsh\Downloads\nasa_Api-main\nasa_Api-main\java-backend\target\classes started by harsh in C:\Users\harsh\Downloads\nasa_Api-main\nasa_Api-main\java-backend)
2025-11-25T22:23:07.395+05:30 DEBUG 9108 --- [apod-explorer] [           main] com.nasa.apod.ApodApplication            : Running with Spring Boot v3.2.3, Spring v6.1.4
2025-11-25T22:23:07.397+05:30  INFO 9108 --- [apod-explorer] [           main] com.nasa.apod.ApodApplication            : No active profile set, falling back to 1 default profile: "default"
2025-11-25T22:23:08.509+05:30  INFO 9108 --- [apod-explorer] [           main] o.s.b.w.embedded.tomcat.TomcatWebServer  : Tomcat initialized with port 8080 (http)
2025-11-25T22:23:08.518+05:30  INFO 9108 --- [apod-explorer] [           main] o.apache.catalina.core.StandardService   : Starting service [Tomcat]
2025-11-25T22:23:08.519+05:30  INFO 9108 --- [apod-explorer] [           main] o.apache.catalina.core.StandardEngine    : Starting Servlet engine: [Apache Tomcat/10.1.19]
2025-11-25T22:23:08.582+05:30  INFO 9108 --- [apod-explorer] [           main] o.a.c.c.C.[Tomcat].[localhost].[/]       : Initializing Spring embedded WebApplicationContext
2025-11-25T22:23:08.584+05:30  INFO 9108 --- [apod-explorer] [           main] w.s.c.ServletWebServerApplicationContext : Root WebApplicationContext: initialization completed in 1124 ms
2025-11-25T22:23:09.049+05:30  INFO 9108 --- [apod-explorer] [           main] o.s.b.w.embedded.tomcat.TomcatWebServer  : Tomcat started on port 8080 (http) with context path ''
2025-11-25T22:23:09.058+05:30  INFO 9108 --- [apod-explorer] [           main] com.nasa.apod.ApodApplication            : Started ApodApplication in 2.1 seconds (process running for 2.438)
^C